<?xml version="1.0" encoding="UTF-8"?>
<!-- Generated by org.testng.reporters.JUnitReportReporter -->
<testsuite hostname="DESKTOP-S7SOFT1" failures="0" tests="1" name="TestCases.BandFestivalPageTest" time="12.171" errors="0" timestamp="10 Jan 2023 10:41:39 GMT">
  <testcase classname="TestCases.BandFestivalPageTest" name="VerifyNoOfFestivals" time="12.171"/>
</testsuite> <!-- TestCases.BandFestivalPageTest -->
